<?xml version="1.0" encoding="UTF-8"?>
<!-- Generated by org.testng.reporters.JUnitReportReporter -->
<testsuite hostname="hp" failures="0" tests="1" name="test.TestActitime" time="14.122" errors="0" timestamp="2021-06-23T22:28:07 IST" skipped="0">
  <testcase classname="test.TestActitime" name="login" time="14.122"/>
  <system-out/>
</testsuite> <!-- test.TestActitime -->
