<?xml version="1.0" encoding="UTF-8"?>
<!-- Generated by org.testng.reporters.JUnitReportReporter -->
<testsuite hostname="hp" failures="0" tests="1" name="test.TestActitimeEnterTimeTrack" time="76.540" errors="0" timestamp="2021-06-23T22:28:07 IST" skipped="0">
  <testcase classname="test.TestActitimeEnterTimeTrack" name="EnterTimeTrack" time="76.540"/>
  <system-out/>
</testsuite> <!-- test.TestActitimeEnterTimeTrack -->
